<?xml version="1.0" encoding="UTF-8"?>
<robot generator="Robot 5.0.1 (Python 3.9.13 on darwin)" generated="20230320 14:48:34.617" rpa="false" schemaversion="3">
<suite id="s1" name="Tasks3" source="/Users/jeong-seungyeon/codes/robocorp-RPA/tasks3.robot">
<test id="s1-t1" name="Example Test" line="9">
<kw name="Open Available Browser" library="RPA.Browser.Selenium">
<arg>https://www.google.com</arg>
<arg>${BROWSER}</arg>
<doc>Attempts to open a browser on the user's device from a set of
supported browsers. Automatically downloads a corresponding webdriver
if none is already installed.</doc>
<msg timestamp="20230320 14:48:35.248" level="INFO">Creating an instance of the Chrome WebDriver.</msg>
<msg timestamp="20230320 14:48:41.644" level="INFO">Created Chrome browser with arguments: --disable-dev-shm-usage --disable-web-security --allow-running-insecure-content --no-sandbox</msg>
<msg timestamp="20230320 14:48:41.645" level="INFO" html="true">&lt;p&gt;Attempted combinations:&lt;/p&gt;&lt;div class="doc"&gt;&lt;table&gt;&lt;tr&gt;&lt;th&gt;Browser&lt;/th&gt;&lt;th&gt;Download&lt;/th&gt;&lt;th&gt;Error&lt;/th&gt;&lt;/tr&gt;&lt;tr&gt;&lt;td&gt;Chrome&lt;/td&gt;&lt;td&gt;False&lt;/td&gt;&lt;td&gt;&lt;/td&gt;&lt;/tr&gt;&lt;/table&gt;&lt;/div&gt;</msg>
<msg timestamp="20230320 14:48:41.645" level="INFO">Opening url 'https://www.google.com'</msg>
<status status="PASS" starttime="20230320 14:48:35.245" endtime="20230320 14:48:51.321"/>
</kw>
<kw name="Open Available Browser" library="RPA.Browser.Selenium">
<arg>Https://www.naver.com</arg>
<arg>${BROWSER}</arg>
<arg>alias=naver</arg>
<doc>Attempts to open a browser on the user's device from a set of
supported browsers. Automatically downloads a corresponding webdriver
if none is already installed.</doc>
<msg timestamp="20230320 14:48:51.335" level="INFO">Creating an instance of the Chrome WebDriver.</msg>
<msg timestamp="20230320 14:48:57.799" level="INFO">Created Chrome browser with arguments: --disable-dev-shm-usage --disable-web-security --allow-running-insecure-content --no-sandbox</msg>
<msg timestamp="20230320 14:48:57.801" level="INFO" html="true">&lt;p&gt;Attempted combinations:&lt;/p&gt;&lt;div class="doc"&gt;&lt;table&gt;&lt;tr&gt;&lt;th&gt;Browser&lt;/th&gt;&lt;th&gt;Download&lt;/th&gt;&lt;th&gt;Error&lt;/th&gt;&lt;/tr&gt;&lt;tr&gt;&lt;td&gt;Chrome&lt;/td&gt;&lt;td&gt;False&lt;/td&gt;&lt;td&gt;&lt;/td&gt;&lt;/tr&gt;&lt;/table&gt;&lt;/div&gt;</msg>
<msg timestamp="20230320 14:48:57.801" level="INFO">Opening url 'Https://www.naver.com'</msg>
<status status="PASS" starttime="20230320 14:48:51.324" endtime="20230320 14:49:02.093"/>
</kw>
<kw name="Set Window Size" library="RPA.Browser.Selenium">
<arg>800</arg>
<arg>600</arg>
<doc>Sets current windows size to given ``width`` and ``height``.</doc>
<status status="PASS" starttime="20230320 14:49:02.096" endtime="20230320 14:49:02.845"/>
</kw>
<kw name="Switch Browser" library="RPA.Browser.Selenium">
<arg>naver</arg>
<doc>Switches between active browsers using ``index_or_alias``.</doc>
<status status="PASS" starttime="20230320 14:49:02.846" endtime="20230320 14:49:02.848"/>
</kw>
<kw name="Switch Window" library="RPA.Browser.Selenium">
<doc>Switches to browser window matching ``locator``.</doc>
<status status="PASS" starttime="20230320 14:49:02.849" endtime="20230320 14:49:02.868"/>
</kw>
<kw name="Set Window Position" library="RPA.Browser.Selenium">
<arg>100</arg>
<arg>200</arg>
<doc>Sets window position using ``x`` and ``y`` coordinates.</doc>
<status status="PASS" starttime="20230320 14:49:02.869" endtime="20230320 14:49:03.824"/>
</kw>
<kw name="Set Selenium Timeout" library="RPA.Browser.Selenium">
<arg>2</arg>
<doc>Sets the timeout that is used by various keywords.</doc>
<status status="PASS" starttime="20230320 14:49:03.836" endtime="20230320 14:49:03.857"/>
</kw>
<kw name="Set Selenium Speed" library="RPA.Browser.Selenium">
<arg>4</arg>
<doc>Sets the delay that is waited after each Selenium command.</doc>
<status status="PASS" starttime="20230320 14:49:03.858" endtime="20230320 14:49:03.859"/>
</kw>
<status status="PASS" starttime="20230320 14:48:35.244" endtime="20230320 14:49:03.861"/>
</test>
<status status="PASS" starttime="20230320 14:48:34.623" endtime="20230320 14:49:03.864"/>
</suite>
<statistics>
<total>
<stat pass="1" fail="0" skip="0">All Tests</stat>
</total>
<tag>
</tag>
<suite>
<stat pass="1" fail="0" skip="0" id="s1" name="Tasks3">Tasks3</stat>
</suite>
</statistics>
<errors>
<msg timestamp="20230320 14:48:35.241" level="ERROR">Error in file '/Users/jeong-seungyeon/codes/robocorp-RPA/tasks3.robot' on line 3: Importing library 'RPA.Desktop' failed: SyntaxError: invalid syntax (__init__.py, line 37)
Traceback (most recent call last):
  None
PYTHONPATH:
  /Users/jeong-seungyeon/codes/robocorp-RPA
  /Users/jeong-seungyeon/.vscode/extensions/robocorp.robotframework-lsp-1.9.0/src/robotframework_debug_adapter
  /Users/jeong-seungyeon/codes/robocorp-RPA
  /Users/jeong-seungyeon/.vscode/extensions/robocorp.robotframework-lsp-1.9.0/src
  /Users/jeong-seungyeon/.vscode/extensions/robocorp.robotframework-lsp-1.9.0/src/robotframework_ls/vendored
  /Users/Shared/robocorp/ht/e4a7a8f_b1f3c24_6cd60f16/lib/python39.zip
  /Users/Shared/robocorp/ht/e4a7a8f_b1f3c24_6cd60f16/lib/python3.9
  /Users/Shared/robocorp/ht/e4a7a8f_b1f3c24_6cd60f16/lib/python3.9/lib-dynload
  /Users/Shared/robocorp/ht/e4a7a8f_b1f3c24_6cd60f16/lib/python3.9/site-packages</msg>
</errors>
</robot>
